<?xml version="1.0" encoding="UTF-8"?>
<!-- Generated by org.testng.reporters.JUnitReportReporter -->
<testsuite hostname="DESKTOP-2UJH1SU" failures="0" tests="2" name="com.ether.runner.CucumberTestRunner" time="110.818" errors="0" timestamp="06 Jun 2020 12:34:22 GMT" skipped="0">
  <testcase classname="com.ether.runner.CucumberTestRunner" name="feature" time="83.619"/>
  <testcase classname="com.ether.runner.CucumberTestRunner" name="feature" time="27.199"/>
</testsuite> <!-- com.ether.runner.CucumberTestRunner -->
