<?xml version="1.0" encoding="UTF-8"?>
<!-- Generated by org.testng.reporters.JUnitReportReporter -->
<testsuite hostname="Ajju" failures="0" tests="1" name="com.ether.runner.CucumberTestRunner" time="155.156" errors="0" timestamp="02 Jun 2020 12:38:57 GMT" skipped="0">
  <testcase classname="com.ether.runner.CucumberTestRunner" name="feature" time="155.156"/>
</testsuite> <!-- com.ether.runner.CucumberTestRunner -->
