<?xml version="1.0" encoding="UTF-8"?>
<!-- Generated by org.testng.reporters.JUnitReportReporter -->
<testsuite hostname="DESKTOP-2UJH1SU" failures="0" tests="1" name="com.ether.runner.CucumberTestRunner" time="35.088" errors="0" timestamp="02 Jun 2020 12:37:07 GMT" skipped="0">
  <testcase classname="com.ether.runner.CucumberTestRunner" name="feature" time="35.088"/>
</testsuite> <!-- com.ether.runner.CucumberTestRunner -->
